.
в”њв”Ђв”Ђ LOG.html
в”њв”Ђв”Ђ LOG.md
в”њв”Ђв”Ђ Makefile
в”њв”Ђв”Ђ Makefile.settings
в”њв”Ђв”Ђ README.html
в”њв”Ђв”Ђ README.md
в”њв”Ђв”Ђ TLDR.html
в”њв”Ђв”Ђ TLDR.md
в”њв”Ђв”Ђ config
в”‚В В  в”њв”Ђв”Ђ pg_hba.conf.sh
в”‚В В  в””в”Ђв”Ђ postgresql.src.conf
в”њв”Ђв”Ђ docker.postgres.sh
в”њв”Ђв”Ђ make.exec.sh
в”њв”Ђв”Ђ make.init.host.sh
в””в”Ђв”Ђ stacks
    в”њв”Ђв”Ђ bind-mounts
    в”‚В В  в”њв”Ђв”Ђ healthcheck-pgha.sh
    в”‚В В  в”њв”Ђв”Ђ stack-pgha.admin.bak.yml
    в”‚В В  в”њв”Ђв”Ђ stack-pgha.admin.yml
    в”‚В В  в”њв”Ђв”Ђ stack-pgha.boot1.yml
    в”‚В В  в”њв”Ђв”Ђ stack-pgha.boot2.yml
    в”‚В В  в”њв”Ђв”Ђ stack-pgha.off.root.yml
    в”‚В В  в”њв”Ђв”Ђ stack-pgha.off.yml
    в”‚В В  в””в”Ђв”Ђ stack-pgha.yml
    в””в”Ђв”Ђ docker-volumes
        в”њв”Ђв”Ђ healthcheck-pgha.sh
        в”њв”Ђв”Ђ stack-pgha.admin.yml
        в”њв”Ђв”Ђ stack-pgha.boot1.yml
        в”њв”Ђв”Ђ stack-pgha.boot2.yml
        в”њв”Ђв”Ђ stack-pgha.off.root.yml
        в”њв”Ђв”Ђ stack-pgha.off.yml
        в”њв”Ђв”Ђ stack-pgha.pg1.yml
        в””в”Ђв”Ђ stack-pgha.yml

9 directories, 48 files
