nginx: the configuration file /etc/nginx/nginx.conf syntax is ok
nginx: configuration file /etc/nginx/nginx.conf test is successful
# configuration file /etc/nginx/nginx.conf:
user  nginx;
worker_processes  auto;
worker_rlimit_nofile        2048; 
error_log /var/log/nginx/error.log warn; 
pid        /var/run/nginx.pid;
events {
    worker_connections 1024;  
}
http {
    server_names_hash_bucket_size   64; 
    server_tokens                   off; 
    sendfile        on;
    include       /etc/nginx/mime.types;
    default_type application/octet-stream;
    log_format  main  '$remote_addr - $remote_user [$time_local] "$request" '
                      '$status $body_bytes_sent "$http_referer" '
                      '"$http_user_agent" "$http_x_forwarded_for"';
    access_log /var/log/nginx/access.log    main    buffer=16k;
    keepalive_timeout  65;
    proxy_buffering off;
    proxy_buffer_size 4k;
    reset_timedout_connection on;
    map $status $status_text {
        400 'Bad Request';
        401 'Unauthorized';
        402 'Payment Required';
        403 'Forbidden';
        404 'Not Found';
        405 'Method Not Allowed';
        406 'Not Acceptable';
        407 'Proxy Authentication Required';
        408 'Request Timeout';
        409 'Conflict';
        410 'Gone';
        411 'Length Required';
        412 'Precondition Failed';
        413 'Payload Too Large';
        414 'URI Too Long';
        415 'Unsupported Media Type';
        416 'Range Not Satisfiable';
        417 'Expectation Failed';
        418 'I\'m a teapot';
        421 'Misdirected Request';
        422 'Unprocessable Entity';
        423 'Locked';
        424 'Failed Dependency';
        425 'Too Early';
        426 'Upgrade Required';
        428 'Precondition Required';
        429 'Too Many Requests';
        431 'Request Header Fields Too Large';
        451 'Unavailable For Legal Reasons';
        500 'Internal Server Error';
        501 'Not Implemented';
        502 'Bad Gateway';
        503 'Service Unavailable';
        504 'Gateway Timeout';
        505 'HTTP Version Not Supported';
        506 'Variant Also Negotiates';
        507 'Insufficient Storage';
        508 'Loop Detected';
        510 'Not Extended';
        511 'Network Authentication Required';
        default 'Something is wrong';
    }
    include /etc/nginx/conf.d/*.conf;
}
# configuration file /etc/nginx/mime.types:

types {
    text/html                                        html htm shtml;
    text/css                                         css;
    text/xml                                         xml;
    image/gif                                        gif;
    image/jpeg                                       jpeg jpg;
    application/javascript                           js;
    application/atom+xml                             atom;
    application/rss+xml                              rss;

    text/mathml                                      mml;
    text/plain                                       txt;
    text/vnd.sun.j2me.app-descriptor                 jad;
    text/vnd.wap.wml                                 wml;
    text/x-component                                 htc;

    image/png                                        png;
    image/svg+xml                                    svg svgz;
    image/tiff                                       tif tiff;
    image/vnd.wap.wbmp                               wbmp;
    image/webp                                       webp;
    image/x-icon                                     ico;
    image/x-jng                                      jng;
    image/x-ms-bmp                                   bmp;

    font/woff                                        woff;
    font/woff2                                       woff2;

    application/java-archive                         jar war ear;
    application/json                                 json;
    application/mac-binhex40                         hqx;
    application/msword                               doc;
    application/pdf                                  pdf;
    application/postscript                           ps eps ai;
    application/rtf                                  rtf;
    application/vnd.apple.mpegurl                    m3u8;
    application/vnd.google-earth.kml+xml             kml;
    application/vnd.google-earth.kmz                 kmz;
    application/vnd.ms-excel                         xls;
    application/vnd.ms-fontobject                    eot;
    application/vnd.ms-powerpoint                    ppt;
    application/vnd.oasis.opendocument.graphics      odg;
    application/vnd.oasis.opendocument.presentation  odp;
    application/vnd.oasis.opendocument.spreadsheet   ods;
    application/vnd.oasis.opendocument.text          odt;
    application/vnd.openxmlformats-officedocument.presentationml.presentation
                                                     pptx;
    application/vnd.openxmlformats-officedocument.spreadsheetml.sheet
                                                     xlsx;
    application/vnd.openxmlformats-officedocument.wordprocessingml.document
                                                     docx;
    application/vnd.wap.wmlc                         wmlc;
    application/x-7z-compressed                      7z;
    application/x-cocoa                              cco;
    application/x-java-archive-diff                  jardiff;
    application/x-java-jnlp-file                     jnlp;
    application/x-makeself                           run;
    application/x-perl                               pl pm;
    application/x-pilot                              prc pdb;
    application/x-rar-compressed                     rar;
    application/x-redhat-package-manager             rpm;
    application/x-sea                                sea;
    application/x-shockwave-flash                    swf;
    application/x-stuffit                            sit;
    application/x-tcl                                tcl tk;
    application/x-x509-ca-cert                       der pem crt;
    application/x-xpinstall                          xpi;
    application/xhtml+xml                            xhtml;
    application/xspf+xml                             xspf;
    application/zip                                  zip;

    application/octet-stream                         bin exe dll;
    application/octet-stream                         deb;
    application/octet-stream                         dmg;
    application/octet-stream                         iso img;
    application/octet-stream                         msi msp msm;

    audio/midi                                       mid midi kar;
    audio/mpeg                                       mp3;
    audio/ogg                                        ogg;
    audio/x-m4a                                      m4a;
    audio/x-realaudio                                ra;

    video/3gpp                                       3gpp 3gp;
    video/mp2t                                       ts;
    video/mp4                                        mp4;
    video/mpeg                                       mpeg mpg;
    video/quicktime                                  mov;
    video/webm                                       webm;
    video/x-flv                                      flv;
    video/x-m4v                                      m4v;
    video/x-mng                                      mng;
    video/x-ms-asf                                   asx asf;
    video/x-ms-wmv                                   wmv;
    video/x-msvideo                                  avi;
}

# configuration file /etc/nginx/conf.d/default.conf:
resolver 127.0.0.11 valid=10s ipv6=off;
ssl_certificate         /run/secrets/site.fullchain.crt;
ssl_certificate_key     /run/secrets/site.key;
ssl_session_timeout 1d;
ssl_session_cache shared:MySSL:10m;
ssl_session_tickets off;
ssl_dhparam /dhparam.pem;
ssl_protocols TLSv1.2 TLSv1.3;
ssl_ciphers ECDHE-ECDSA-AES128-GCM-SHA256:ECDHE-RSA-AES128-GCM-SHA256:ECDHE-ECDSA-AES256-GCM-SHA384:ECDHE-RSA-AES256-GCM-SHA384:ECDHE-ECDSA-CHACHA20-POLY1305:ECDHE-RSA-CHACHA20-POLY1305:DHE-RSA-AES128-GCM-SHA256:DHE-RSA-AES256-GCM-SHA384;
ssl_prefer_server_ciphers off;
add_header Strict-Transport-Security "max-age=63072000" always;
ssl_trusted_certificate /run/secrets/site.fullchain.crt;
send_timeout               11s;
proxy_connect_timeout       3s;
proxy_send_timeout          3s;
proxy_read_timeout         10s;
client_header_timeout       3s;
client_max_body_size        1m;
error_page 400 401 402 403 404 405 406 407 408 409 410 411 412 413 414 415 416 417 418 421 422 423 424 425 426 428 429 431 451 500 501 502 503 504 505 506 507 508 510 511 599 /error.html;
proxy_intercept_errors off;
upstream aoa {
    server aoa:3333 max_fails=2 fail_timeout=5s;
}
upstream api {
    server api:3000 max_fails=2 fail_timeout=5s;
}
upstream pwa {
    server pwa:3030 max_fails=2 fail_timeout=5s;
}
upstream wp {
    server wp max_fails=1 fail_timeout=5s;      # @ wp.db.adm.stack.yml (wordpresss/_ : hardcoded to port 80)
}
server {
    listen      8888; # IPv4
    listen [::]:8888; # IPv6
    server_name     _;
    return 301 https://swarm.foo$request_uri;
}
server {
    listen      8888; # IPv4
    listen [::]:8888; # IPv6
    listen 443 ssl http2;      # IPv4
    listen [::]:443 ssl http2; # IPv6
    server_name     www.swarm.foo;
    return 301 https://swarm.foo$request_uri;
}
server {
    listen 443 ssl http2;      # IPv4
    listen [::]:443 ssl http2; # IPv6
    server_name     wp.swarm.foo;
    location = /error.html {
        ssi on;
        internal;
        auth_basic off;
        root /usr/share/nginx/html;
    }
    location = /50x.html {
        root /usr/share/nginx/html;
    }
    location = /favicon.svg {
        root /usr/share/nginx/html;
    }
    location = /rpx_status {
        allow 192.168.1.0/24;
        allow 10.0.0.0/24;
        allow 2601:140:8f00:29a:1534:1d1a:36e4:8526;
        deny  all;
        stub_status;
    }
    location / {
        proxy_pass http://wp/;
        proxy_set_header   Host $host;
        proxy_set_header   X-Real-IP $remote_addr;
        proxy_set_header   X-Forwarded-For $proxy_add_x_forwarded_for;
        proxy_set_header   X-Forwarded-Host $server_name;
        proxy_set_header   X-Forwarded-Proto $scheme;
    }
}
server {
    listen 443 ssl http2;      # IPv4
    listen [::]:443 ssl http2; # IPv6
    server_name     swarm.foo;
    location = /error.html {
        ssi on;
        internal;
        auth_basic off;
        root /usr/share/nginx/html;
    }
    location = /error.json {
        ssi on;
        internal;
        auth_basic off;
        root /usr/share/nginx/html;
    }
    location = /50x.html {
        root /usr/share/nginx/html;
    }
    location = /favicon.svg {
        root /usr/share/nginx/html;
    }
    location = /rpx_status {
        allow 192.168.1.0/24;
        allow 10.0.0.0/24;
        allow 2601:140:8f00:29a:1534:1d1a:36e4:8526;
        deny  all;
        stub_status;
    }
    location /aoa/v1/ {
        proxy_pass http://aoa/aoa/v1/; 
        proxy_set_header   Host $host;
        proxy_set_header   X-Real-IP $remote_addr;
        proxy_set_header   X-Forwarded-For $proxy_add_x_forwarded_for;
        proxy_set_header   X-Forwarded-Host $server_name;
        proxy_set_header   X-Forwarded-Proto $scheme;
        error_page 400 401 402 403 404 405 406 407 408 409 410 411 412 413 414 415 416 417 418 421 422 423 424 425 426 428 429 431 451 500 501 502 503 504 505 506 507 508 510 511 /error.json;
    }
    location /api/v1/ {
        proxy_pass http://api/api/v1/;
        proxy_set_header   Host $host;
        proxy_set_header   X-Real-IP $remote_addr;
        proxy_set_header   X-Forwarded-For $proxy_add_x_forwarded_for;
        proxy_set_header   X-Forwarded-Host $server_name;
        proxy_set_header   X-Forwarded-Proto $scheme;
        error_page 400 401 402 403 404 405 406 407 408 409 410 411 412 413 414 415 416 417 418 421 422 423 424 425 426 428 429 431 451 500 501 502 503 504 505 506 507 508 510 511 /error.json;
    }
    location / {
        proxy_pass http://pwa/; 
        proxy_set_header    Host                $host;
        proxy_set_header    X-Real-IP           $remote_addr;
        proxy_set_header    X-Forwarded-For     $proxy_add_x_forwarded_for;
        proxy_set_header    X-Forwarded-Host    $server_name;
    }
}

